<?xml version="1.0" encoding="UTF-8"?>
<testsuite name="com.example.demo.AuthServiceApplicationTests" tests="1" skipped="0" failures="0" errors="0" timestamp="2025-04-14T17:16:48.152Z" hostname="DESKTOP-FOHG5RJ" time="2.116">
  <properties/>
  <testcase name="contextLoads()" classname="com.example.demo.AuthServiceApplicationTests" time="2.116"/>
  <system-out><![CDATA[22:46:25.413 [Test worker] INFO org.springframework.test.context.support.AnnotationConfigContextLoaderUtils -- Could not detect default configuration classes for test class [com.example.demo.AuthServiceApplicationTests]: AuthServiceApplicationTests does not declare any static, non-private, non-final, nested classes annotated with @Configuration.
22:46:25.915 [Test worker] INFO org.springframework.boot.test.context.SpringBootTestContextBootstrapper -- Found @SpringBootConfiguration com.example.demo.AuthServiceApplication for test class com.example.demo.AuthServiceApplicationTests

  .   ____          _            __ _ _
 /\\ / ___'_ __ _ _(_)_ __  __ _ \ \ \ \
( ( )\___ | '_ | '_| | '_ \/ _` | \ \ \ \
 \\/  ___)| |_)| | | | | || (_| |  ) ) ) )
  '  |____| .__|_| |_|_| |_\__, | / / / /
 =========|_|==============|___/=/_/_/_/

 :: Spring Boot ::                (v3.4.4)

2025-04-14T22:46:28.026+05:30  INFO 9696 --- [    Test worker] c.e.demo.AuthServiceApplicationTests     : Starting AuthServiceApplicationTests using Java 21.0.6 with PID 9696 (started by Sudhanshu in C:\Users\Sudhanshu\astro-microservices-app\auth-service)
2025-04-14T22:46:28.026+05:30  INFO 9696 --- [    Test worker] c.e.demo.AuthServiceApplicationTests     : No active profile set, falling back to 1 default profile: "default"
2025-04-14T22:46:30.643+05:30  INFO 9696 --- [    Test worker] .s.d.r.c.RepositoryConfigurationDelegate : Bootstrapping Spring Data JPA repositories in DEFAULT mode.
2025-04-14T22:46:30.877+05:30  INFO 9696 --- [    Test worker] .s.d.r.c.RepositoryConfigurationDelegate : Finished Spring Data repository scanning in 216 ms. Found 1 JPA repository interface.
2025-04-14T22:46:33.316+05:30  INFO 9696 --- [    Test worker] o.hibernate.jpa.internal.util.LogHelper  : HHH000204: Processing PersistenceUnitInfo [name: default]
2025-04-14T22:46:33.521+05:30  INFO 9696 --- [    Test worker] org.hibernate.Version                    : HHH000412: Hibernate ORM core version 6.6.11.Final
2025-04-14T22:46:33.662+05:30  INFO 9696 --- [    Test worker] o.h.c.internal.RegionFactoryInitiator    : HHH000026: Second-level cache disabled
2025-04-14T22:46:34.708+05:30  INFO 9696 --- [    Test worker] o.s.o.j.p.SpringPersistenceUnitInfo      : No LoadTimeWeaver setup: ignoring JPA class transformer
2025-04-14T22:46:34.872+05:30  INFO 9696 --- [    Test worker] com.zaxxer.hikari.HikariDataSource       : HikariPool-1 - Starting...
2025-04-14T22:46:35.487+05:30  INFO 9696 --- [    Test worker] com.zaxxer.hikari.pool.HikariPool        : HikariPool-1 - Added connection conn0: url=jdbc:h2:mem:testdb user=SA
2025-04-14T22:46:35.502+05:30  INFO 9696 --- [    Test worker] com.zaxxer.hikari.HikariDataSource       : HikariPool-1 - Start completed.
2025-04-14T22:46:35.580+05:30  WARN 9696 --- [    Test worker] org.hibernate.orm.deprecation            : HHH90000025: H2Dialect does not need to be specified explicitly using 'hibernate.dialect' (remove the property setting and it will be selected by default)
2025-04-14T22:46:35.649+05:30  INFO 9696 --- [    Test worker] org.hibernate.orm.connections.pooling    : HHH10001005: Database info:
	Database JDBC URL [Connecting through datasource 'HikariDataSource (HikariPool-1)']
	Database driver: undefined/unknown
	Database version: 2.3.232
	Autocommit mode: undefined/unknown
	Isolation level: undefined/unknown
	Minimum pool size: undefined/unknown
	Maximum pool size: undefined/unknown
2025-04-14T22:46:38.240+05:30  INFO 9696 --- [    Test worker] o.h.e.t.j.p.i.JtaPlatformInitiator       : HHH000489: No JTA platform available (set 'hibernate.transaction.jta.platform' to enable JTA platform integration)
Hibernate: create table users (id bigint generated by default as identity, email varchar(255) not null, password varchar(255) not null, username varchar(255) not null, primary key (id))
Hibernate: alter table if exists users drop constraint if exists UK6dotkott2kjsp8vw4d0m25fb7
Hibernate: alter table if exists users add constraint UK6dotkott2kjsp8vw4d0m25fb7 unique (email)
2025-04-14T22:46:38.419+05:30  INFO 9696 --- [    Test worker] j.LocalContainerEntityManagerFactoryBean : Initialized JPA EntityManagerFactory for persistence unit 'default'
2025-04-14T22:46:41.486+05:30  WARN 9696 --- [    Test worker] JpaBaseConfiguration$JpaWebConfiguration : spring.jpa.open-in-view is enabled by default. Therefore, database queries may be performed during view rendering. Explicitly configure spring.jpa.open-in-view to disable this warning
2025-04-14T22:46:45.874+05:30  INFO 9696 --- [    Test worker] o.s.b.a.h2.H2ConsoleAutoConfiguration    : H2 console available at '/h2-console'. Database available at 'jdbc:h2:mem:testdb'
2025-04-14T22:46:46.389+05:30  WARN 9696 --- [    Test worker] .s.s.UserDetailsServiceAutoConfiguration : 

Using generated security password: 69a0584d-cd7f-4813-be1b-7ebd19beba10

This generated password is for development use only. Your security configuration must be updated before running your application in production.

2025-04-14T22:46:46.782+05:30  INFO 9696 --- [    Test worker] r$InitializeUserDetailsManagerConfigurer : Global AuthenticationManager configured with UserDetailsService bean with name inMemoryUserDetailsManager
2025-04-14T22:46:48.023+05:30  INFO 9696 --- [    Test worker] c.e.demo.AuthServiceApplicationTests     : Started AuthServiceApplicationTests in 21.167 seconds (process running for 27.133)
]]></system-out>
  <system-err><![CDATA[Mockito is currently self-attaching to enable the inline-mock-maker. This will no longer work in future releases of the JDK. Please add Mockito as an agent to your build what is described in Mockito's documentation: https://javadoc.io/doc/org.mockito/mockito-core/latest/org/mockito/Mockito.html#0.3
WARNING: A Java agent has been loaded dynamically (C:\Users\Sudhanshu\.gradle\caches\modules-2\files-2.1\net.bytebuddy\byte-buddy-agent\1.15.11\a38b16385e867f59a641330f0362ebe742788ed8\byte-buddy-agent-1.15.11.jar)
WARNING: If a serviceability tool is in use, please run with -XX:+EnableDynamicAgentLoading to hide this warning
WARNING: If a serviceability tool is not in use, please run with -Djdk.instrument.traceUsage for more information
WARNING: Dynamic loading of agents will be disallowed by default in a future release
]]></system-err>
</testsuite>
